
> uk-sourced-ltd@0.1.0 build
> next build

⚠ Warning: Next.js inferred your workspace root, but it may not be correct.
 We detected multiple lockfiles and selected the directory of C:\Users\Luke Needham\package-lock.json as the root directory.
 To silence this warning, set `turbopack.root` in your Next.js config, or consider removing one of the lockfiles if it's not needed.
   See https://nextjs.org/docs/app/api-reference/config/next-config-js/turbopack#root-directory for more information.
 Detected additional lockfiles: 
   * C:\Users\Luke Needham\Documents\uk sourced site\uk-sourced-ltd-website\package-lock.json

▲ Next.js 16.1.3 (Turbopack)

  Creating an optimized production build ...
✓ Compiled successfully in 8.8s
  Running TypeScript ...
  Collecting page data using 11 workers ...
Error [IllegalArgumentError]: [VertexAI.IllegalArgumentError]: Unable to infer your project.Please provide a project Id by one of the following:
- Passing a constructor argument by using new VertexAI({project: my-project})
- Setting project using `gcloud config set project my-project`
    at <unknown> (C:\Users\Luke Needham\Documents\uk sourced site\uk-sourced-ltd-website\.next\server\chunks\[root-of-the-server]__72ffe105._.js:13:69458)
    at new r.VertexAI (C:\Users\Luke Needham\Documents\uk sourced site\uk-sourced-ltd-website\.next\server\chunks\[root-of-the-server]__72ffe105._.js:13:69713)
    at module evaluation (C:\Users\Luke Needham\Documents\uk sourced site\uk-sourced-ltd-website\.next\server\chunks\[root-of-the-server]__72ffe105._.js:27:719571)
    at instantiateModule (C:\Users\Luke Needham\Documents\uk sourced site\uk-sourced-ltd-website\.next\server\chunks\[turbopack]_runtime.js:740:9)
    at instantiateRuntimeModule (C:\Users\Luke Needham\Documents\uk sourced site\uk-sourced-ltd-website\.next\server\chunks\[turbopack]_runtime.js:768:12)
    at getOrInstantiateRuntimeModule (C:\Users\Luke Needham\Documents\uk sourced site\uk-sourced-ltd-website\.next\server\chunks\[turbopack]_runtime.js:781:12)
    at Object.m (C:\Users\Luke Needham\Documents\uk sourced site\uk-sourced-ltd-website\.next\server\chunks\[turbopack]_runtime.js:790:18)
    at Object.<anonymous> (C:\Users\Luke Needham\Documents\uk sourced site\uk-sourced-ltd-website\.next\server\app\api\agent\voice\route.js:8:3) {
  stackTrace: undefined
}

> Build error occurred
Error: Failed to collect page data for /api/agent/voice
    at ignore-listed frames {
  type: 'Error'
}
