
> uk-sourced-ltd@0.1.0 build
> next build

⚠ Warning: Next.js inferred your workspace root, but it may not be correct.
 We detected multiple lockfiles and selected the directory of C:\Users\Luke Needham\package-lock.json as the root directory.
 To silence this warning, set `turbopack.root` in your Next.js config, or consider removing one of the lockfiles if it's not needed.
   See https://nextjs.org/docs/app/api-reference/config/next-config-js/turbopack#root-directory for more information.
 Detected additional lockfiles: 
   * C:\Users\Luke Needham\Documents\uk sourced site\uk-sourced-ltd-website\package-lock.json

▲ Next.js 16.1.3 (Turbopack)
- Environments: .env.local

  Creating an optimized production build ...
✓ Compiled successfully in 10.4s
  Running TypeScript ...
  Collecting page data using 11 workers ...
  Generating static pages using 11 workers (0/23) ...
  Generating static pages using 11 workers (5/23) 
  Generating static pages using 11 workers (11/23) 
  Generating static pages using 11 workers (17/23) 
✓ Generating static pages using 11 workers (23/23) in 640.8ms
  Finalizing page optimization ...

Route (app)
┌ ○ /
├ ○ /_not-found
├ ○ /about
├ ○ /admin
├ ○ /admin/blogs
├ ƒ /admin/blogs/[id]
├ ○ /admin/blogs/new
├ ○ /admin/images
├ ○ /admin/leads
├ ○ /admin/media
├ ○ /ai-readiness
├ ○ /analyzer
├ ƒ /api/agent/voice
├ ƒ /api/analyze
├ ƒ /api/chat
├ ƒ /api/leads
├ ƒ /api/wholesale-pricing
├ ○ /blog
├ ƒ /blog/[slug]
├ ○ /consulting
├ ○ /contact
├ ○ /management
├ ○ /privacy
├ ○ /robots.txt
├ ○ /sitemap.xml
├ ○ /terms
├ ○ /voice-sandbox
└ ○ /wholesale


○  (Static)   prerendered as static content
ƒ  (Dynamic)  server-rendered on demand

